Arguments: 
  C:\Program Files\nodejs\node.exe C:\Program Files (x86)\Yarn\bin\yarn.js add @react-navigation/native

PATH: 
  C:\Program Files (x86)\Common Files\Oracle\Java\javapath;C:\Program Files (x86)\Common Files\Intel\Shared Libraries\redist\intel64\compiler;C:\Windows\system32;C:\Windows;C:\Windows\System32\Wbem;C:\Windows\System32\WindowsPowerShell\v1.0\;C:\Windows\System32\OpenSSH\;C:\Program Files (x86)\NVIDIA Corporation\PhysX\Common;C:\Program Files\Git\cmd;C:\ProgramData\chocolatey\bin;C:\Users\Natanael\AppData\Local\Android\Sdk;C:/Program Files/Java/jdk-11.0.4\bin;E:\Programs\Microsoft VS Code\resources\app\extensions\java;C:\sqlite3;C:\Program Files\MySQL\MySQL Workbench 8.0 CE\data;E:\Python37\;E:\Python37\Scripts\;C:\Program Files\NVIDIA Corporation\NVIDIA NvDLISR;C:\Users\Natanael\AppData\Roaming\npm;E:\Programs\minGW\bin;F:\Programs\kotlin\bin;C:\Program Files (x86)\Yarn\bin\;C:\WINDOWS\system32;C:\WINDOWS;C:\WINDOWS\System32\Wbem;C:\WINDOWS\System32\WindowsPowerShell\v1.0\;C:\WINDOWS\System32\OpenSSH\;C:\Program Files\dotnet\;F:\Programs\PuTTY\;C:\Program Files\Git\bin;C:\Program Files\nodejs\;F:\Programs\Java\jdk-11.0.9\bin;F:\Programs\Java\jdk-11.0.9\lib;F:\Programs\IntelliJ IDEA\bin;;C:\Program Files\Docker\Docker\resources\bin;C:\ProgramData\DockerDesktop\version-bin;E:\Programs\Microsoft VS Code\bin;C:\Users\Natanael\AppData\Local\Yarn\bin;C:\Users\Natanael\AppData\Local\Microsoft\WindowsApps;C:\Users\Natanael\.dotnet\tools;F:\Programs\gradle-6.6.1\bin;C:\Program Files\Git\bin;C:\Program Files\Git\cmd;C:\Users\Natanael\AppData\Roaming\npm;C:\Users\Natanael\AppData\Local\Microsoft\WindowsApps;F:\Programs\heroku\bin

Yarn version: 
  1.22.4

Node version: 
  15.4.0

Platform: 
  win32 x64

Trace: 
  Error: 21720:error:1408F119:SSL routines:ssl3_get_record:decryption failed or bad record mac:c:\ws\deps\openssl\openssl\ssl\record\ssl3_record.c:677:

npm manifest: 
  {
    "main": "node_modules/expo/AppEntry.js",
    "scripts": {
      "start": "expo start",
      "android": "expo start --android",
      "ios": "expo start --ios",
      "web": "expo start --web",
      "eject": "expo eject"
    },
    "dependencies": {
      "@expo-google-fonts/inter": "^0.1.0",
      "@expo-google-fonts/rajdhani": "^0.1.0",
      "expo": "~41.0.1",
      "expo-app-loading": "^1.0.3",
      "expo-font": "~9.1.0",
      "expo-linear-gradient": "~9.1.0",
      "expo-status-bar": "~1.0.4",
      "react": "16.13.1",
      "react-dom": "16.13.1",
      "react-native": "https://github.com/expo/react-native/archive/sdk-41.0.0.tar.gz",
      "react-native-iphone-x-helper": "^1.3.1",
      "react-native-web": "~0.13.12"
    },
    "devDependencies": {
      "@babel/core": "^7.9.0",
      "@types/react": "~16.9.35",
      "@types/react-native": "~0.63.2",
      "typescript": "~4.0.0"
    },
    "private": true
  }

yarn manifest: 
  No manifest

Lockfile: 
  No lockfile
